<?xml version="1.0" encoding="UTF-8"?>
<!-- Generated by org.testng.reporters.JUnitReportReporter -->
<testsuite hostname="LAPTOP-Q5E25PUN" failures="0" tests="2" name="bs_testcase.HomePageTest" time="28.831" errors="0" timestamp="2022-08-26T14:41:14 IST" skipped="0">
  <testcase classname="bs_testcase.HomePageTest" name="HomePageTitleTest" time="21.801"/>
  <system-out/>
  <testcase classname="bs_testcase.HomePageTest" name="verifyUserNameTest" time="7.030"/>
  <system-out/>
</testsuite> <!-- bs_testcase.HomePageTest -->
