<?xml version="1.0" encoding="UTF-8"?>
<!-- Generated by org.testng.reporters.JUnitReportReporter -->
<testsuite hostname="LAPTOP-Q5E25PUN" failures="0" tests="4" name="bs_testcase.Login_PageTest" time="56.837" errors="0" timestamp="2022-08-27T15:37:13 IST" skipped="0">
  <testcase classname="bs_testcase.Login_PageTest" name="loginTest" time="13.448"/>
  <system-out/>
  <testcase classname="bs_testcase.Login_PageTest" name="MultipleUserLoginTest" time="14.854"/>
  <system-out/>
  <testcase classname="bs_testcase.Login_PageTest" name="MultipleUserLoginTest" time="14.872"/>
  <system-out/>
  <testcase classname="bs_testcase.Login_PageTest" name="MultipleUserLoginTest" time="13.663"/>
  <system-out/>
</testsuite> <!-- bs_testcase.Login_PageTest -->
