<?xml version="1.0" encoding="UTF-8"?>
<!-- Generated by org.testng.reporters.JUnitReportReporter -->
<testsuite hostname="LAPTOP-Q5E25PUN" failures="0" tests="2" name="bs_testcase.Request_BookTest" time="35.031" errors="0" timestamp="2022-08-27T15:37:13 IST" skipped="0">
  <testcase classname="bs_testcase.Request_BookTest" name="request_a_bookTest" time="16.038"/>
  <system-out/>
  <testcase classname="bs_testcase.Request_BookTest" name="request_a_bookTest" time="18.993"/>
  <system-out/>
</testsuite> <!-- bs_testcase.Request_BookTest -->
